March 1, 2026 @ 6:30 pm|428412765.jpg| 453|Could not download file.( Attachment ID  453 ) ( Attachment ID  453 ) ;
March 1, 2026 @ 6:30 pm|IMG-20240115-WA0008.jpg| 448|Could not download file.( Attachment ID  448 ) ( Attachment ID  448 ) ;
March 1, 2026 @ 6:30 pm|IMG-20240103-WA0167.jpg| 422|Could not download file.( Attachment ID  422 ) ( Attachment ID  422 ) ;
March 1, 2026 @ 6:30 pm|IMG_20250303_010232_779-Edit-Edit-scaled.jpg| 274|Could not download file.( Attachment ID  274 ) ( Attachment ID  274 ) ;
March 1, 2026 @ 6:30 pm|IMG_20250303_010158_415.jpg| 273|Could not download file.( Attachment ID  273 ) ( Attachment ID  273 ) ;
March 1, 2026 @ 6:30 pm|IMG-20230923-WA0035.jpg| 199|Could not download file.( Attachment ID  199 ) ( Attachment ID  199 ) ;
March 1, 2026 @ 6:30 pm|2103983568_30053c5084_o.jpg| 167|Could not download file.( Attachment ID  167 ) ( Attachment ID  167 ) ;
March 1, 2026 @ 6:30 pm|2103992892_b703576a8b_o.jpg| 166|Could not download file.( Attachment ID  166 ) ( Attachment ID  166 ) ;
March 1, 2026 @ 6:30 pm|IMG_20250303_010158_344.jpg| 161|Could not download file.( Attachment ID  161 ) ( Attachment ID  161 ) ;
March 1, 2026 @ 6:30 pm|IMG-20240103-WA0160.jpg| 156|Could not download file.( Attachment ID  156 ) ( Attachment ID  156 ) ;
March 1, 2026 @ 6:31 pm|479855780_585382821161542_263646579420667534_n.jpg| 103|Could not download file.( Attachment ID  103 ) ( Attachment ID  103 ) ;
March 1, 2026 @ 6:31 pm|IMG_20250303_010153_323.jpg| 102|Could not download file.( Attachment ID  102 ) ( Attachment ID  102 ) ;
March 1, 2026 @ 6:31 pm|IMG_20250303_010158_415.jpg| 101|Could not download file.( Attachment ID  101 ) ( Attachment ID  101 ) ;
March 1, 2026 @ 6:31 pm|428412765.jpg| 100|Could not download file.( Attachment ID  100 ) ( Attachment ID  100 ) ;
March 1, 2026 @ 6:31 pm|IMG_20250308_152857_134.jpg| 99|Could not download file.( Attachment ID  99 ) ( Attachment ID  99 ) ;
March 1, 2026 @ 6:31 pm|IMG_20250303_010241_430.jpg| 98|Could not download file.( Attachment ID  98 ) ( Attachment ID  98 ) ;
March 1, 2026 @ 6:31 pm|5694520050_dbbbec9c1a_o-scaled.jpg| 97|Could not download file.( Attachment ID  97 ) ( Attachment ID  97 ) ;
March 1, 2026 @ 6:31 pm|2103992892_b703576a8b_o.jpg| 96|Could not download file.( Attachment ID  96 ) ( Attachment ID  96 ) ;
March 1, 2026 @ 6:31 pm|IMG_20250303_010139_663.jpg| 95|Could not download file.( Attachment ID  95 ) ( Attachment ID  95 ) ;
March 1, 2026 @ 6:31 pm|dar-megdaz-colour-tagline-vertical-white-copy.png| 76|Could not download file.( Attachment ID  76 ) ( Attachment ID  76 ) ;
March 1, 2026 @ 6:31 pm|Dar-megdaz-white-copy.png| 75|Could not download file.( Attachment ID  75 ) ( Attachment ID  75 ) ;
March 1, 2026 @ 6:31 pm|Dar-megdaz-white.png| 74|Could not download file.( Attachment ID  74 ) ( Attachment ID  74 ) ;
March 1, 2026 @ 6:31 pm|IMG_20250303_010158_344.jpg| 33|Could not download file.( Attachment ID  33 ) ( Attachment ID  33 ) ;
March 1, 2026 @ 6:31 pm|cropped-watermark-colour.png| 22|Could not download file.( Attachment ID  22 ) ( Attachment ID  22 ) ;
March 1, 2026 @ 6:31 pm|watermark-colour.png| 21|Could not download file.( Attachment ID  21 ) ( Attachment ID  21 ) ;
March 1, 2026 @ 6:31 pm|watermark-transparent.png| 11|Could not download file.( Attachment ID  11 ) ( Attachment ID  11 ) ;
